<?xml version="1.0" encoding="UTF-8"?>
<!-- Generated by org.testng.reporters.JUnitReportReporter -->
<testsuite skipped="0" hostname="QA-sigmas-MacBook-Pro-2.local" name="Android.TestCases.TCFeed" tests="28" failures="0" timestamp="2022-03-09T11:31:00 PKT" time="401.794" errors="1">
  <testcase name="addFeed" time="28.971" classname="Android.TestCases.TCFeed"/>
  <system-out/>
  <testcase name="Reaction" time="5.254" classname="Android.TestCases.TCFeed"/>
  <system-out/>
  <testcase name="addSimpleComment" time="14.300" classname="Android.TestCases.TCFeed"/>
  <system-out/>
  <testcase name="reactionComment" time="6.094" classname="Android.TestCases.TCFeed"/>
  <system-out/>
  <testcase name="addSimplereply" time="7.366" classname="Android.TestCases.TCFeed"/>
  <system-out/>
  <testcase name="reactionReply" time="6.213" classname="Android.TestCases.TCFeed"/>
  <system-out/>
  <testcase name="back" time="7.088" classname="Android.TestCases.TCFeed">
    <error type="org.openqa.selenium.NoSuchElementException" message="Can&#039;t locate an element by this strategy: By.xpath: //android.widget.TextView[@content-desc=&quot;content-feed-screen-1-1-station-message-station-message-content-text-content-read-more-text&quot;]">
      <![CDATA[org.openqa.selenium.NoSuchElementException: Can't locate an element by this strategy: By.xpath: //android.widget.TextView[@content-desc="content-feed-screen-1-1-station-message-station-message-content-text-content-read-more-text"]
at io.appium.java_client.pagefactory.AppiumElementLocator.findElement(AppiumElementLocator.java:126)
at io.appium.java_client.pagefactory.interceptors.InterceptorOfASingleElement.intercept(InterceptorOfASingleElement.java:59)
at io.appium.java_client.android.AndroidElement$$EnhancerByCGLIB$$b598166c.getText(<generated>)
at Method.Verify.verify(Verify.java:29)
at Android.TestCases.TCFeed.back(TCFeed.java:136)
at sun.reflect.NativeMethodAccessorImpl.invoke0(Native Method)
at sun.reflect.NativeMethodAccessorImpl.invoke(NativeMethodAccessorImpl.java:62)
at sun.reflect.DelegatingMethodAccessorImpl.invoke(DelegatingMethodAccessorImpl.java:43)
at java.lang.reflect.Method.invoke(Method.java:498)
at org.testng.internal.MethodInvocationHelper.invokeMethod(MethodInvocationHelper.java:133)
at org.testng.internal.TestInvoker.invokeMethod(TestInvoker.java:598)
at org.testng.internal.TestInvoker.invokeTestMethod(TestInvoker.java:173)
at org.testng.internal.MethodRunner.runInSequence(MethodRunner.java:46)
at org.testng.internal.TestInvoker$MethodInvocationAgent.invoke(TestInvoker.java:824)
at org.testng.internal.TestInvoker.invokeTestMethods(TestInvoker.java:146)
at org.testng.internal.TestMethodWorker.invokeTestMethods(TestMethodWorker.java:146)
at org.testng.internal.TestMethodWorker.run(TestMethodWorker.java:128)
at java.util.ArrayList.forEach(ArrayList.java:1257)
at org.testng.TestRunner.privateRun(TestRunner.java:794)
at org.testng.TestRunner.run(TestRunner.java:596)
at org.testng.SuiteRunner.runTest(SuiteRunner.java:377)
at org.testng.SuiteRunner.runSequentially(SuiteRunner.java:371)
at org.testng.SuiteRunner.privateRun(SuiteRunner.java:332)
at org.testng.SuiteRunner.run(SuiteRunner.java:276)
at org.testng.SuiteRunnerWorker.runSuite(SuiteRunnerWorker.java:53)
at org.testng.SuiteRunnerWorker.run(SuiteRunnerWorker.java:96)
at org.testng.TestNG.runSuitesSequentially(TestNG.java:1212)
at org.testng.TestNG.runSuitesLocally(TestNG.java:1134)
at org.testng.TestNG.runSuites(TestNG.java:1063)
at org.testng.TestNG.run(TestNG.java:1031)
at org.testng.remote.AbstractRemoteTestNG.run(AbstractRemoteTestNG.java:115)
at org.testng.remote.RemoteTestNG.initAndRun(RemoteTestNG.java:251)
at org.testng.remote.RemoteTestNG.main(RemoteTestNG.java:77)
Caused by: org.openqa.selenium.TimeoutException: Expected condition failed: waiting for io.appium.java_client.pagefactory.AppiumElementLocator$WaitingFunction@410e94e (tried for 1 second(s) with 500 milliseconds interval)
at org.openqa.selenium.support.ui.FluentWait.timeoutException(FluentWait.java:304)
at org.openqa.selenium.support.ui.FluentWait.until(FluentWait.java:272)
at io.appium.java_client.pagefactory.AppiumElementLocator.waitFor(AppiumElementLocator.java:99)
at io.appium.java_client.pagefactory.AppiumElementLocator.findElement(AppiumElementLocator.java:119)
... 32 more
Caused by: org.openqa.selenium.NoSuchElementException: An element could not be located on the page using the given search parameters. (WARNING: The server did not provide any stacktrace information)
Command duration or timeout: 0 milliseconds
For documentation on this error, please visit: https://www.seleniumhq.org/exceptions/no_such_element.html
Build info: version: '3.141.59', revision: 'e82be7d358', time: '2018-11-14T08:17:03'
System info: host: 'QA-sigmas-MacBook-Pro-2.local', ip: 'fe80:0:0:0:14ca:4d06:27ac:73c4%en0', os.name: 'Mac OS X', os.arch: 'x86_64', os.version: '10.16', java.version: '1.8.0_202'
Driver info: io.appium.java_client.android.AndroidDriver
Capabilities {appActivity: co.seasoned.seasonedMessagi..., appPackage: co.seasoned.seasonedMessagi..., automationName: UiAutomator2, databaseEnabled: false, desired: {appActivity: co.seasoned.seasonedMessagi..., appPackage: co.seasoned.seasonedMessagi..., automationName: UiAutomator2, fullReset: false, newCommandTimeout: 10000, noReset: true, platformName: Android, platformVersion: 10}, deviceApiLevel: 29, deviceManufacturer: samsung, deviceModel: SM-A205F, deviceName: R58M634E4CA, deviceScreenDensity: 280, deviceScreenSize: 720x1560, deviceUDID: R58M634E4CA, fullReset: false, javascriptEnabled: true, locationContextEnabled: false, networkConnectionEnabled: true, newCommandTimeout: 10000, noReset: true, pixelRatio: 1.75, platform: LINUX, platformName: Android, platformVersion: 10, statBarHeight: 53, takesScreenshot: true, viewportRect: {height: 1370, left: 0, top: 53, width: 720}, warnings: {}, webStorageEnabled: false}
Session ID: ac7d5003-c11b-498d-a997-1e6b51677064
*** Element info: {Using=xpath, value=//android.widget.TextView[@content-desc="content-feed-screen-1-1-station-message-station-message-content-text-content-read-more-text"]}
at sun.reflect.GeneratedConstructorAccessor17.newInstance(Unknown Source)
at sun.reflect.DelegatingConstructorAccessorImpl.newInstance(DelegatingConstructorAccessorImpl.java:45)
at java.lang.reflect.Constructor.newInstance(Constructor.java:423)
at org.openqa.selenium.remote.ErrorHandler.createThrowable(ErrorHandler.java:214)
at org.openqa.selenium.remote.ErrorHandler.throwIfResponseFailed(ErrorHandler.java:166)
at org.openqa.selenium.remote.http.JsonHttpResponseCodec.reconstructValue(JsonHttpResponseCodec.java:40)
at org.openqa.selenium.remote.http.AbstractHttpResponseCodec.decode(AbstractHttpResponseCodec.java:80)
at org.openqa.selenium.remote.http.AbstractHttpResponseCodec.decode(AbstractHttpResponseCodec.java:44)
at org.openqa.selenium.remote.HttpCommandExecutor.execute(HttpCommandExecutor.java:158)
at io.appium.java_client.remote.AppiumCommandExecutor.execute(AppiumCommandExecutor.java:247)
at org.openqa.selenium.remote.RemoteWebDriver.execute(RemoteWebDriver.java:552)
at io.appium.java_client.DefaultGenericMobileDriver.execute(DefaultGenericMobileDriver.java:41)
at io.appium.java_client.AppiumDriver.execute(AppiumDriver.java:1)
at io.appium.java_client.android.AndroidDriver.execute(AndroidDriver.java:1)
at org.openqa.selenium.remote.RemoteWebDriver.findElement(RemoteWebDriver.java:323)
at io.appium.java_client.DefaultGenericMobileDriver.findElement(DefaultGenericMobileDriver.java:61)
at io.appium.java_client.AppiumDriver.findElement(AppiumDriver.java:1)
at io.appium.java_client.android.AndroidDriver.findElement(AndroidDriver.java:1)
at org.openqa.selenium.remote.RemoteWebDriver.findElementByXPath(RemoteWebDriver.java:428)
at io.appium.java_client.DefaultGenericMobileDriver.findElementByXPath(DefaultGenericMobileDriver.java:151)
at io.appium.java_client.AppiumDriver.findElementByXPath(AppiumDriver.java:1)
at io.appium.java_client.android.AndroidDriver.findElementByXPath(AndroidDriver.java:1)
at org.openqa.selenium.By$ByXPath.findElement(By.java:353)
at org.openqa.selenium.remote.RemoteWebDriver.findElement(RemoteWebDriver.java:315)
at io.appium.java_client.DefaultGenericMobileDriver.findElement(DefaultGenericMobileDriver.java:57)
at io.appium.java_client.AppiumDriver.findElement(AppiumDriver.java:1)
at io.appium.java_client.android.AndroidDriver.findElement(AndroidDriver.java:1)
at io.appium.java_client.pagefactory.bys.ContentMappedBy.findElement(ContentMappedBy.java:50)
at org.openqa.selenium.remote.RemoteWebDriver.findElement(RemoteWebDriver.java:315)
at io.appium.java_client.DefaultGenericMobileDriver.findElement(DefaultGenericMobileDriver.java:57)
at io.appium.java_client.AppiumDriver.findElement(AppiumDriver.java:1)
at io.appium.java_client.android.AndroidDriver.findElement(AndroidDriver.java:1)
at io.appium.java_client.pagefactory.AppiumElementLocator.lambda$0(AppiumElementLocator.java:120)
at io.appium.java_client.pagefactory.AppiumElementLocator$WaitingFunction.apply(AppiumElementLocator.java:172)
at io.appium.java_client.pagefactory.AppiumElementLocator$WaitingFunction.apply(AppiumElementLocator.java:1)
at org.openqa.selenium.support.ui.FluentWait.until(FluentWait.java:249)
... 34 more
]]>
    </error>
  </testcase> <!-- back -->
  <system-out/>
  <testcase name="addSearchFeed" time="30.823" classname="Android.TestCases.TCFeed"/>
  <system-out/>
  <testcase name="removeLocation" time="28.971" classname="Android.TestCases.TCFeed"/>
  <system-out/>
  <testcase name="addByPhone" time="10.596" classname="Android.TestCases.TCFeed"/>
  <system-out/>
  <testcase name="addGIF" time="13.473" classname="Android.TestCases.TCFeed"/>
  <system-out/>
  <testcase name="addGifComment" time="5.664" classname="Android.TestCases.TCFeed"/>
  <system-out/>
  <testcase name="backGif" time="2.912" classname="Android.TestCases.TCFeed"/>
  <system-out/>
  <testcase name="addSpecialCharacters" time="15.165" classname="Android.TestCases.TCFeed"/>
  <system-out/>
  <testcase name="addSpecialCharactersComment" time="10.428" classname="Android.TestCases.TCFeed"/>
  <system-out/>
  <testcase name="addByEmail" time="10.639" classname="Android.TestCases.TCFeed"/>
  <system-out/>
  <testcase name="addByLink" time="14.331" classname="Android.TestCases.TCFeed"/>
  <system-out/>
  <testcase name="addLinkComments" time="8.611" classname="Android.TestCases.TCFeed"/>
  <system-out/>
  <testcase name="addByMetaDataLink" time="13.078" classname="Android.TestCases.TCFeed"/>
  <system-out/>
  <testcase name="addByMetaDataLinkComment" time="11.448" classname="Android.TestCases.TCFeed"/>
  <system-out/>
  <testcase name="btnBack" time="8.480" classname="Android.TestCases.TCFeed"/>
  <system-out/>
  <testcase name="longString" time="14.199" classname="Android.TestCases.TCFeed"/>
  <system-out/>
  <testcase name="longStringComment" time="7.625" classname="Android.TestCases.TCFeed"/>
  <system-out/>
  <testcase name="blankSpace" time="10.276" classname="Android.TestCases.TCFeed"/>
  <system-out/>
  <testcase name="changeLocation" time="27.705" classname="Android.TestCases.TCFeed"/>
  <system-out/>
  <testcase name="goBackRemoveLocation" time="27.324" classname="Android.TestCases.TCFeed"/>
  <system-out/>
  <testcase name="btnCurrentLocation" time="38.330" classname="Android.TestCases.TCFeed"/>
  <system-out/>
  <testcase name="covidArtical" time="16.430" classname="Android.TestCases.TCFeed"/>
  <system-out/>
</testsuite> <!-- Android.TestCases.TCFeed -->
